# JRE version: Java(TM) SE Runtime Environment (21.0.3+7) (build 21.0.3+7-LTS-152)
# Java VM: Java HotSpot(TM) 64-Bit Server VM (21.0.3+7-LTS-152, mixed mode, sharing, tiered, compressed oops, compressed class ptrs, g1 gc, windows-amd64)
GC Precious Log:
 CardTable entry size: 512
 Card Set container configuration: InlinePtr #cards 5 size 8 Array Of Cards #cards 12 size 40 Howl #buckets 4 coarsen threshold 1843 Howl Bitmap #cards 512 size 80 coarsen threshold 460 Card regions per heap region 1 cards per card region 2048
 CPUs: 12 total, 12 available
 Memory: 7521M
 Large Page Support: Disabled
 NUMA Support: Disabled
 Compressed Oops: Enabled (32-bit)
 Heap Region Size: 1M
 Heap Min Capacity: 8M
 Heap Initial Capacity: 118M
 Heap Max Capacity: 1882M
 Pre-touch: Disabled
 Parallel Workers: 10
 Concurrent Workers: 3
 Concurrent Refinement Workers: 10
 Periodic GC: Disabled
Heap:
 garbage-first heap   total 148480K, used 144017K [0x000000008a600000, 0x0000000100000000)
  region size 1024K, 59 young (60416K), 4 survivors (4096K)
 Metaspace       used 31261K, committed 31872K, reserved 1114112K
  class space    used 3512K, committed 3776K, reserved 1048576K
GC Heap History (19 events):
Event: 0.609 GC heap before
{Heap before GC invocations=0 (full 0):
 garbage-first heap   total 120832K, used 22528K [0x000000008a600000, 0x0000000100000000)
  region size 1024K, 23 young (23552K), 0 survivors (0K)
 Metaspace       used 5590K, committed 5760K, reserved 1114112K
  class space    used 651K, committed 768K, reserved 1048576K
}
Event: 0.615 GC heap after
{Heap after GC invocations=1 (full 0):
 garbage-first heap   total 120832K, used 3756K [0x000000008a600000, 0x0000000100000000)
  region size 1024K, 3 young (3072K), 3 survivors (3072K)
 Metaspace       used 5590K, committed 5760K, reserved 1114112K
  class space    used 651K, committed 768K, reserved 1048576K
}
Event: 1.099 GC heap before
{Heap before GC invocations=1 (full 0):
 garbage-first heap   total 120832K, used 35500K [0x000000008a600000, 0x0000000100000000)
  region size 1024K, 34 young (34816K), 3 survivors (3072K)
 Metaspace       used 9605K, committed 9792K, reserved 1114112K
  class space    used 1138K, committed 1216K, reserved 1048576K
}
Event: 1.105 GC heap after
{Heap after GC invocations=2 (full 0):
 garbage-first heap   total 120832K, used 5423K [0x000000008a600000, 0x0000000100000000)
  region size 1024K, 2 young (2048K), 2 survivors (2048K)
 Metaspace       used 9605K, committed 9792K, reserved 1114112K
  class space    used 1138K, committed 1216K, reserved 1048576K
}
Event: 2.264 GC heap before
{Heap before GC invocations=2 (full 0):
 garbage-first heap   total 120832K, used 75055K [0x000000008a600000, 0x0000000100000000)
  region size 1024K, 70 young (71680K), 2 survivors (2048K)
 Metaspace       used 15710K, committed 16000K, reserved 1114112K
  class space    used 1849K, committed 1984K, reserved 1048576K
}
Event: 2.281 GC heap after
{Heap after GC invocations=3 (full 0):
 garbage-first heap   total 120832K, used 13268K [0x000000008a600000, 0x0000000100000000)
  region size 1024K, 9 young (9216K), 9 survivors (9216K)
 Metaspace       used 15710K, committed 16000K, reserved 1114112K
  class space    used 1849K, committed 1984K, reserved 1048576K
}
Event: 3.303 GC heap before
{Heap before GC invocations=3 (full 0):
 garbage-first heap   total 120832K, used 75732K [0x000000008a600000, 0x0000000100000000)
  region size 1024K, 70 young (71680K), 9 survivors (9216K)
 Metaspace       used 17763K, committed 18048K, reserved 1114112K
  class space    used 2024K, committed 2176K, reserved 1048576K
}
Event: 3.318 GC heap after
{Heap after GC invocations=4 (full 0):
 garbage-first heap   total 120832K, used 17405K [0x000000008a600000, 0x0000000100000000)
  region size 1024K, 4 young (4096K), 4 survivors (4096K)
 Metaspace       used 17763K, committed 18048K, reserved 1114112K
  class space    used 2024K, committed 2176K, reserved 1048576K
}
Event: 3.861 GC heap before
{Heap before GC invocations=4 (full 0):
 garbage-first heap   total 120832K, used 43005K [0x000000008a600000, 0x0000000100000000)
  region size 1024K, 24 young (24576K), 4 survivors (4096K)
 Metaspace       used 21210K, committed 21504K, reserved 1114112K
  class space    used 2459K, committed 2624K, reserved 1048576K
}
Event: 3.871 GC heap after
{Heap after GC invocations=5 (full 0):
 garbage-first heap   total 120832K, used 28157K [0x000000008a600000, 0x0000000100000000)
  region size 1024K, 8 young (8192K), 8 survivors (8192K)
 Metaspace       used 21210K, committed 21504K, reserved 1114112K
  class space    used 2459K, committed 2624K, reserved 1048576K
}
Event: 5.062 GC heap before
{Heap before GC invocations=6 (full 0):
 garbage-first heap   total 99328K, used 92669K [0x000000008a600000, 0x0000000100000000)
  region size 1024K, 70 young (71680K), 8 survivors (8192K)
 Metaspace       used 27302K, committed 27712K, reserved 1114112K
  class space    used 3075K, committed 3264K, reserved 1048576K
}
Event: 5.093 GC heap after
{Heap after GC invocations=7 (full 0):
 garbage-first heap   total 144384K, used 44541K [0x000000008a600000, 0x0000000100000000)
  region size 1024K, 9 young (9216K), 9 survivors (9216K)
 Metaspace       used 27302K, committed 27712K, reserved 1114112K
  class space    used 3075K, committed 3264K, reserved 1048576K
}
Event: 6.035 GC heap before
{Heap before GC invocations=7 (full 0):
 garbage-first heap   total 144384K, used 109053K [0x000000008a600000, 0x0000000100000000)
  region size 1024K, 73 young (74752K), 9 survivors (9216K)
 Metaspace       used 29382K, committed 29888K, reserved 1114112K
  class space    used 3315K, committed 3584K, reserved 1048576K
}
Event: 6.048 GC heap after
{Heap after GC invocations=8 (full 0):
 garbage-first heap   total 144384K, used 47616K [0x000000008a600000, 0x0000000100000000)
  region size 1024K, 3 young (3072K), 3 survivors (3072K)
 Metaspace       used 29382K, committed 29888K, reserved 1114112K
  class space    used 3315K, committed 3584K, reserved 1048576K
}
Event: 6.973 GC heap before
{Heap before GC invocations=8 (full 0):
 garbage-first heap   total 144384K, used 98816K [0x000000008a600000, 0x0000000100000000)
  region size 1024K, 45 young (46080K), 3 survivors (3072K)
 Metaspace       used 31046K, committed 31616K, reserved 1114112K
  class space    used 3503K, committed 3776K, reserved 1048576K
}
Event: 6.980 GC heap after
{Heap after GC invocations=9 (full 0):
 garbage-first heap   total 144384K, used 57144K [0x000000008a600000, 0x0000000100000000)
  region size 1024K, 4 young (4096K), 4 survivors (4096K)
 Metaspace       used 31046K, committed 31616K, reserved 1114112K
  class space    used 3503K, committed 3776K, reserved 1048576K
}
Event: 6.982 GC heap before
{Heap before GC invocations=9 (full 0):
 garbage-first heap   total 144384K, used 69432K [0x000000008a600000, 0x0000000100000000)
  region size 1024K, 5 young (5120K), 4 survivors (4096K)
 Metaspace       used 31046K, committed 31616K, reserved 1114112K
  class space    used 3503K, committed 3776K, reserved 1048576K
}
Event: 6.988 GC heap after
{Heap after GC invocations=10 (full 0):
 garbage-first heap   total 144384K, used 69265K [0x000000008a600000, 0x0000000100000000)
  region size 1024K, 4 young (4096K), 4 survivors (4096K)
 Metaspace       used 31046K, committed 31616K, reserved 1114112K
  class space    used 3503K, committed 3776K, reserved 1048576K
}
Event: 7.970 GC heap before
{Heap before GC invocations=11 (full 0):
 garbage-first heap   total 144384K, used 144017K [0x000000008a600000, 0x0000000100000000)
  region size 1024K, 59 young (60416K), 4 survivors (4096K)
 Metaspace       used 31261K, committed 31872K, reserved 1114112K
  class space    used 3512K, committed 3776K, reserved 1048576K
}

